<?xml version="1.0" encoding="UTF-8"?>
<testsuite xmlns:xsi="http://www.w3.org/2001/XMLSchema-instance" xsi:noNamespaceSchemaLocation="https://maven.apache.org/surefire/maven-surefire-plugin/xsd/surefire-test-report-3.0.xsd" version="3.0" name="cucumber.Options.TestRunner" time="8.712" tests="2" errors="0" skipped="0" failures="0">
  <properties>
[...]
</properties>
  <testcase name="Verify if book is being added Sucessufully to AddBook API" classname="Verify AddBook and DeleteBook" time="6.66">
    <system-out><![CDATA[/Library/Addbook.php
/Library/GetBook.php
]]></system-out>
  </testcase>
  <testcase name="Verify if delete payload functionality is working" classname="Verify AddBook and DeleteBook" time="0.391">
    <system-out><![CDATA[/Library/DeleteBook.php
]]></system-out>
  </testcase>
</testsuite>